# JRE version: Java(TM) SE Runtime Environment (8.0_131-b11) (build 1.8.0_131-b11)
# Java VM: Java HotSpot(TM) 64-Bit Server VM (25.131-b11 mixed mode windows-amd64 compressed oops)
Heap:
 PSYoungGen      total 138240K, used 117239K [0x00000000eb300000, 0x00000000f4a80000, 0x0000000100000000)
  eden space 128512K, 91% used [0x00000000eb300000,0x00000000f257dd48,0x00000000f3080000)
  from space 9728K, 0% used [0x00000000f4100000,0x00000000f4100000,0x00000000f4a80000)
  to   space 13312K, 0% used [0x00000000f3080000,0x00000000f3080000,0x00000000f3d80000)
 ParOldGen       total 59392K, used 20142K [0x00000000c1800000, 0x00000000c5200000, 0x00000000eb300000)
  object space 59392K, 33% used [0x00000000c1800000,0x00000000c2bab928,0x00000000c5200000)
 Metaspace       used 41954K, capacity 43784K, committed 44160K, reserved 1087488K
  class space    used 5309K, capacity 5638K, committed 5760K, reserved 1048576K
GC Heap History (10 events):
Event: 3.187 GC heap before
{Heap before GC invocations=8 (full 1):
 PSYoungGen      total 72192K, used 65536K [0x00000000eb300000, 0x00000000f0000000, 0x0000000100000000)
  eden space 65536K, 100% used [0x00000000eb300000,0x00000000ef300000,0x00000000ef300000)
  from space 6656K, 0% used [0x00000000ef980000,0x00000000ef980000,0x00000000f0000000)
  to   space 6656K, 0% used [0x00000000ef300000,0x00000000ef300000,0x00000000ef980000)
 ParOldGen       total 35840K, used 8460K [0x00000000c1800000, 0x00000000c3b00000, 0x00000000eb300000)
  object space 35840K, 23% used [0x00000000c1800000,0x00000000c2043338,0x00000000c3b00000)
 Metaspace       used 24065K, capacity 24932K, committed 24960K, reserved 1071104K
  class space    used 3229K, capacity 3451K, committed 3456K, reserved 1048576K
Event: 3.196 GC heap after
Heap after GC invocations=8 (full 1):
 PSYoungGen      total 72192K, used 6065K [0x00000000eb300000, 0x00000000f2500000, 0x0000000100000000)
  eden space 65536K, 0% used [0x00000000eb300000,0x00000000eb300000,0x00000000ef300000)
  from space 6656K, 91% used [0x00000000ef300000,0x00000000ef8ec550,0x00000000ef980000)
  to   space 7168K, 0% used [0x00000000f1e00000,0x00000000f1e00000,0x00000000f2500000)
 ParOldGen       total 35840K, used 8468K [0x00000000c1800000, 0x00000000c3b00000, 0x00000000eb300000)
  object space 35840K, 23% used [0x00000000c1800000,0x00000000c2045338,0x00000000c3b00000)
 Metaspace       used 24065K, capacity 24932K, committed 24960K, reserved 1071104K
  class space    used 3229K, capacity 3451K, committed 3456K, reserved 1048576K
}
Event: 4.016 GC heap before
{Heap before GC invocations=9 (full 1):
 PSYoungGen      total 72192K, used 71601K [0x00000000eb300000, 0x00000000f2500000, 0x0000000100000000)
  eden space 65536K, 100% used [0x00000000eb300000,0x00000000ef300000,0x00000000ef300000)
  from space 6656K, 91% used [0x00000000ef300000,0x00000000ef8ec550,0x00000000ef980000)
  to   space 7168K, 0% used [0x00000000f1e00000,0x00000000f1e00000,0x00000000f2500000)
 ParOldGen       total 35840K, used 8468K [0x00000000c1800000, 0x00000000c3b00000, 0x00000000eb300000)
  object space 35840K, 23% used [0x00000000c1800000,0x00000000c2045338,0x00000000c3b00000)
 Metaspace       used 27904K, capacity 29082K, committed 29440K, reserved 1075200K
  class space    used 3740K, capacity 4006K, committed 4096K, reserved 1048576K
Event: 4.031 GC heap after
Heap after GC invocations=9 (full 1):
 PSYoungGen      total 106496K, used 7142K [0x00000000eb300000, 0x00000000f2a00000, 0x0000000100000000)
  eden space 99328K, 0% used [0x00000000eb300000,0x00000000eb300000,0x00000000f1400000)
  from space 7168K, 99% used [0x00000000f1e00000,0x00000000f24f9bd0,0x00000000f2500000)
  to   space 10240K, 0% used [0x00000000f1400000,0x00000000f1400000,0x00000000f1e00000)
 ParOldGen       total 35840K, used 13247K [0x00000000c1800000, 0x00000000c3b00000, 0x00000000eb300000)
  object space 35840K, 36% used [0x00000000c1800000,0x00000000c24efe08,0x00000000c3b00000)
 Metaspace       used 27904K, capacity 29082K, committed 29440K, reserved 1075200K
  class space    used 3740K, capacity 4006K, committed 4096K, reserved 1048576K
}
Event: 4.669 GC heap before
{Heap before GC invocations=10 (full 1):
 PSYoungGen      total 106496K, used 106470K [0x00000000eb300000, 0x00000000f2a00000, 0x0000000100000000)
  eden space 99328K, 100% used [0x00000000eb300000,0x00000000f1400000,0x00000000f1400000)
  from space 7168K, 99% used [0x00000000f1e00000,0x00000000f24f9bd0,0x00000000f2500000)
  to   space 10240K, 0% used [0x00000000f1400000,0x00000000f1400000,0x00000000f1e00000)
 ParOldGen       total 35840K, used 13247K [0x00000000c1800000, 0x00000000c3b00000, 0x00000000eb300000)
  object space 35840K, 36% used [0x00000000c1800000,0x00000000c24efe08,0x00000000c3b00000)
 Metaspace       used 30190K, capacity 31508K, committed 31744K, reserved 1077248K
  class space    used 4041K, capacity 4311K, committed 4352K, reserved 1048576K
Event: 4.687 GC heap after
Heap after GC invocations=10 (full 1):
 PSYoungGen      total 109568K, used 10213K [0x00000000eb300000, 0x00000000f4d80000, 0x0000000100000000)
  eden space 99328K, 0% used [0x00000000eb300000,0x00000000eb300000,0x00000000f1400000)
  from space 10240K, 99% used [0x00000000f1400000,0x00000000f1df94a0,0x00000000f1e00000)
  to   space 12800K, 0% used [0x00000000f4100000,0x00000000f4100000,0x00000000f4d80000)
 ParOldGen       total 35840K, used 16483K [0x00000000c1800000, 0x00000000c3b00000, 0x00000000eb300000)
  object space 35840K, 45% used [0x00000000c1800000,0x00000000c2818d70,0x00000000c3b00000)
 Metaspace       used 30190K, capacity 31508K, committed 31744K, reserved 1077248K
  class space    used 4041K, capacity 4311K, committed 4352K, reserved 1048576K
}
Event: 25.726 GC heap before
{Heap before GC invocations=11 (full 1):
 PSYoungGen      total 109568K, used 81910K [0x00000000eb300000, 0x00000000f4d80000, 0x0000000100000000)
  eden space 99328K, 72% used [0x00000000eb300000,0x00000000ef904580,0x00000000f1400000)
  from space 10240K, 99% used [0x00000000f1400000,0x00000000f1df94a0,0x00000000f1e00000)
  to   space 12800K, 0% used [0x00000000f4100000,0x00000000f4100000,0x00000000f4d80000)
 ParOldGen       total 35840K, used 16483K [0x00000000c1800000, 0x00000000c3b00000, 0x00000000eb300000)
  object space 35840K, 45% used [0x00000000c1800000,0x00000000c2818d70,0x00000000c3b00000)
 Metaspace       used 33827K, capacity 35414K, committed 35496K, reserved 1079296K
  class space    used 4485K, capacity 4805K, committed 4864K, reserved 1048576K
Event: 25.748 GC heap after
Heap after GC invocations=11 (full 1):
 PSYoungGen      total 138240K, used 8667K [0x00000000eb300000, 0x00000000f4a80000, 0x0000000100000000)
  eden space 128512K, 0% used [0x00000000eb300000,0x00000000eb300000,0x00000000f3080000)
  from space 9728K, 89% used [0x00000000f4100000,0x00000000f4976f40,0x00000000f4a80000)
  to   space 13312K, 0% used [0x00000000f3080000,0x00000000f3080000,0x00000000f3d80000)
 ParOldGen       total 35840K, used 22376K [0x00000000c1800000, 0x00000000c3b00000, 0x00000000eb300000)
  object space 35840K, 62% used [0x00000000c1800000,0x00000000c2dda210,0x00000000c3b00000)
 Metaspace       used 33827K, capacity 35414K, committed 35496K, reserved 1079296K
  class space    used 4485K, capacity 4805K, committed 4864K, reserved 1048576K
}
Event: 25.748 GC heap before
{Heap before GC invocations=12 (full 2):
 PSYoungGen      total 138240K, used 8667K [0x00000000eb300000, 0x00000000f4a80000, 0x0000000100000000)
  eden space 128512K, 0% used [0x00000000eb300000,0x00000000eb300000,0x00000000f3080000)
  from space 9728K, 89% used [0x00000000f4100000,0x00000000f4976f40,0x00000000f4a80000)
  to   space 13312K, 0% used [0x00000000f3080000,0x00000000f3080000,0x00000000f3d80000)
 ParOldGen       total 35840K, used 22376K [0x00000000c1800000, 0x00000000c3b00000, 0x00000000eb300000)
  object space 35840K, 62% used [0x00000000c1800000,0x00000000c2dda210,0x00000000c3b00000)
 Metaspace       used 33827K, capacity 35414K, committed 35496K, reserved 1079296K
  class space    used 4485K, capacity 4805K, committed 4864K, reserved 1048576K
Event: 25.844 GC heap after
Heap after GC invocations=12 (full 2):
 PSYoungGen      total 138240K, used 0K [0x00000000eb300000, 0x00000000f4a80000, 0x0000000100000000)
  eden space 128512K, 0% used [0x00000000eb300000,0x00000000eb300000,0x00000000f3080000)
  from space 9728K, 0% used [0x00000000f4100000,0x00000000f4100000,0x00000000f4a80000)
  to   space 13312K, 0% used [0x00000000f3080000,0x00000000f3080000,0x00000000f3d80000)
 ParOldGen       total 59392K, used 20142K [0x00000000c1800000, 0x00000000c5200000, 0x00000000eb300000)
  object space 59392K, 33% used [0x00000000c1800000,0x00000000c2bab928,0x00000000c5200000)
 Metaspace       used 33827K, capacity 35414K, committed 35496K, reserved 1079296K
  class space    used 4485K, capacity 4805K, committed 4864K, reserved 1048576K
}

