# JRE version: Java(TM) SE Runtime Environment (8.0_131-b11) (build 1.8.0_131-b11)
# Java VM: Java HotSpot(TM) 64-Bit Server VM (25.131-b11 mixed mode windows-amd64 compressed oops)
Heap:
 PSYoungGen      total 176128K, used 16246K [0x00000000eb300000, 0x00000000f7000000, 0x0000000100000000)
  eden space 165888K, 9% used [0x00000000eb300000,0x00000000ec2dd920,0x00000000f5500000)
  from space 10240K, 0% used [0x00000000f6600000,0x00000000f6600000,0x00000000f7000000)
  to   space 13824K, 0% used [0x00000000f5500000,0x00000000f5500000,0x00000000f6280000)
 ParOldGen       total 49664K, used 18703K [0x00000000c1800000, 0x00000000c4880000, 0x00000000eb300000)
  object space 49664K, 37% used [0x00000000c1800000,0x00000000c2a43da8,0x00000000c4880000)
 Metaspace       used 34968K, capacity 36600K, committed 36864K, reserved 1081344K
  class space    used 4696K, capacity 5018K, committed 5120K, reserved 1048576K
GC Heap History (10 events):
Event: 6.193 GC heap before
{Heap before GC invocations=8 (full 1):
 PSYoungGen      total 71168K, used 64512K [0x00000000eb300000, 0x00000000f0200000, 0x0000000100000000)
  eden space 64512K, 100% used [0x00000000eb300000,0x00000000ef200000,0x00000000ef200000)
  from space 6656K, 0% used [0x00000000ef980000,0x00000000ef980000,0x00000000f0000000)
  to   space 7680K, 0% used [0x00000000ef200000,0x00000000ef200000,0x00000000ef980000)
 ParOldGen       total 33280K, used 10249K [0x00000000c1800000, 0x00000000c3880000, 0x00000000eb300000)
  object space 33280K, 30% used [0x00000000c1800000,0x00000000c22027e8,0x00000000c3880000)
 Metaspace       used 23811K, capacity 24604K, committed 24704K, reserved 1071104K
  class space    used 3195K, capacity 3409K, committed 3456K, reserved 1048576K
Event: 6.202 GC heap after
Heap after GC invocations=8 (full 1):
 PSYoungGen      total 72192K, used 6095K [0x00000000eb300000, 0x00000000f3600000, 0x0000000100000000)
  eden space 64512K, 0% used [0x00000000eb300000,0x00000000eb300000,0x00000000ef200000)
  from space 7680K, 79% used [0x00000000ef200000,0x00000000ef7f3c70,0x00000000ef980000)
  to   space 8192K, 0% used [0x00000000f2e00000,0x00000000f2e00000,0x00000000f3600000)
 ParOldGen       total 33280K, used 10257K [0x00000000c1800000, 0x00000000c3880000, 0x00000000eb300000)
  object space 33280K, 30% used [0x00000000c1800000,0x00000000c22047e8,0x00000000c3880000)
 Metaspace       used 23811K, capacity 24604K, committed 24704K, reserved 1071104K
  class space    used 3195K, capacity 3409K, committed 3456K, reserved 1048576K
}
Event: 7.726 GC heap before
{Heap before GC invocations=9 (full 1):
 PSYoungGen      total 72192K, used 70600K [0x00000000eb300000, 0x00000000f3600000, 0x0000000100000000)
  eden space 64512K, 99% used [0x00000000eb300000,0x00000000ef1fe598,0x00000000ef200000)
  from space 7680K, 79% used [0x00000000ef200000,0x00000000ef7f3c70,0x00000000ef980000)
  to   space 8192K, 0% used [0x00000000f2e00000,0x00000000f2e00000,0x00000000f3600000)
 ParOldGen       total 33280K, used 10257K [0x00000000c1800000, 0x00000000c3880000, 0x00000000eb300000)
  object space 33280K, 30% used [0x00000000c1800000,0x00000000c22047e8,0x00000000c3880000)
 Metaspace       used 27440K, capacity 28644K, committed 28800K, reserved 1075200K
  class space    used 3690K, capacity 3943K, committed 3968K, reserved 1048576K
Event: 7.740 GC heap after
Heap after GC invocations=9 (full 1):
 PSYoungGen      total 123392K, used 8170K [0x00000000eb300000, 0x00000000f3900000, 0x0000000100000000)
  eden space 115200K, 0% used [0x00000000eb300000,0x00000000eb300000,0x00000000f2380000)
  from space 8192K, 99% used [0x00000000f2e00000,0x00000000f35fa980,0x00000000f3600000)
  to   space 10752K, 0% used [0x00000000f2380000,0x00000000f2380000,0x00000000f2e00000)
 ParOldGen       total 33280K, used 13691K [0x00000000c1800000, 0x00000000c3880000, 0x00000000eb300000)
  object space 33280K, 41% used [0x00000000c1800000,0x00000000c255ef58,0x00000000c3880000)
 Metaspace       used 27440K, capacity 28644K, committed 28800K, reserved 1075200K
  class space    used 3690K, capacity 3943K, committed 3968K, reserved 1048576K
}
Event: 8.776 GC heap before
{Heap before GC invocations=10 (full 1):
 PSYoungGen      total 123392K, used 123370K [0x00000000eb300000, 0x00000000f3900000, 0x0000000100000000)
  eden space 115200K, 100% used [0x00000000eb300000,0x00000000f2380000,0x00000000f2380000)
  from space 8192K, 99% used [0x00000000f2e00000,0x00000000f35fa980,0x00000000f3600000)
  to   space 10752K, 0% used [0x00000000f2380000,0x00000000f2380000,0x00000000f2e00000)
 ParOldGen       total 33280K, used 13691K [0x00000000c1800000, 0x00000000c3880000, 0x00000000eb300000)
  object space 33280K, 41% used [0x00000000c1800000,0x00000000c255ef58,0x00000000c3880000)
 Metaspace       used 30242K, capacity 31686K, committed 31744K, reserved 1077248K
  class space    used 4056K, capacity 4340K, committed 4352K, reserved 1048576K
Event: 8.798 GC heap after
Heap after GC invocations=10 (full 1):
 PSYoungGen      total 125952K, used 10742K [0x00000000eb300000, 0x00000000f7400000, 0x0000000100000000)
  eden space 115200K, 0% used [0x00000000eb300000,0x00000000eb300000,0x00000000f2380000)
  from space 10752K, 99% used [0x00000000f2380000,0x00000000f2dfdb90,0x00000000f2e00000)
  to   space 14336K, 0% used [0x00000000f6600000,0x00000000f6600000,0x00000000f7400000)
 ParOldGen       total 33280K, used 18359K [0x00000000c1800000, 0x00000000c3880000, 0x00000000eb300000)
  object space 33280K, 55% used [0x00000000c1800000,0x00000000c29edc08,0x00000000c3880000)
 Metaspace       used 30242K, capacity 31686K, committed 31744K, reserved 1077248K
  class space    used 4056K, capacity 4340K, committed 4352K, reserved 1048576K
}
Event: 26.204 GC heap before
{Heap before GC invocations=11 (full 1):
 PSYoungGen      total 125952K, used 63535K [0x00000000eb300000, 0x00000000f7400000, 0x0000000100000000)
  eden space 115200K, 45% used [0x00000000eb300000,0x00000000ee68e088,0x00000000f2380000)
  from space 10752K, 99% used [0x00000000f2380000,0x00000000f2dfdb90,0x00000000f2e00000)
  to   space 14336K, 0% used [0x00000000f6600000,0x00000000f6600000,0x00000000f7400000)
 ParOldGen       total 33280K, used 18359K [0x00000000c1800000, 0x00000000c3880000, 0x00000000eb300000)
  object space 33280K, 55% used [0x00000000c1800000,0x00000000c29edc08,0x00000000c3880000)
 Metaspace       used 33821K, capacity 35444K, committed 35496K, reserved 1079296K
  class space    used 4524K, capacity 4852K, committed 4864K, reserved 1048576K
Event: 26.221 GC heap after
Heap after GC invocations=11 (full 1):
 PSYoungGen      total 176128K, used 7339K [0x00000000eb300000, 0x00000000f7000000, 0x0000000100000000)
  eden space 165888K, 0% used [0x00000000eb300000,0x00000000eb300000,0x00000000f5500000)
  from space 10240K, 71% used [0x00000000f6600000,0x00000000f6d2adc0,0x00000000f7000000)
  to   space 13824K, 0% used [0x00000000f5500000,0x00000000f5500000,0x00000000f6280000)
 ParOldGen       total 33280K, used 25252K [0x00000000c1800000, 0x00000000c3880000, 0x00000000eb300000)
  object space 33280K, 75% used [0x00000000c1800000,0x00000000c30a9098,0x00000000c3880000)
 Metaspace       used 33821K, capacity 35444K, committed 35496K, reserved 1079296K
  class space    used 4524K, capacity 4852K, committed 4864K, reserved 1048576K
}
Event: 26.221 GC heap before
{Heap before GC invocations=12 (full 2):
 PSYoungGen      total 176128K, used 7339K [0x00000000eb300000, 0x00000000f7000000, 0x0000000100000000)
  eden space 165888K, 0% used [0x00000000eb300000,0x00000000eb300000,0x00000000f5500000)
  from space 10240K, 71% used [0x00000000f6600000,0x00000000f6d2adc0,0x00000000f7000000)
  to   space 13824K, 0% used [0x00000000f5500000,0x00000000f5500000,0x00000000f6280000)
 ParOldGen       total 33280K, used 25252K [0x00000000c1800000, 0x00000000c3880000, 0x00000000eb300000)
  object space 33280K, 75% used [0x00000000c1800000,0x00000000c30a9098,0x00000000c3880000)
 Metaspace       used 33821K, capacity 35444K, committed 35496K, reserved 1079296K
  class space    used 4524K, capacity 4852K, committed 4864K, reserved 1048576K
Event: 26.303 GC heap after
Heap after GC invocations=12 (full 2):
 PSYoungGen      total 176128K, used 0K [0x00000000eb300000, 0x00000000f7000000, 0x0000000100000000)
  eden space 165888K, 0% used [0x00000000eb300000,0x00000000eb300000,0x00000000f5500000)
  from space 10240K, 0% used [0x00000000f6600000,0x00000000f6600000,0x00000000f7000000)
  to   space 13824K, 0% used [0x00000000f5500000,0x00000000f5500000,0x00000000f6280000)
 ParOldGen       total 49664K, used 18703K [0x00000000c1800000, 0x00000000c4880000, 0x00000000eb300000)
  object space 49664K, 37% used [0x00000000c1800000,0x00000000c2a43da8,0x00000000c4880000)
 Metaspace       used 33821K, capacity 35444K, committed 35496K, reserved 1079296K
  class space    used 4524K, capacity 4852K, committed 4864K, reserved 1048576K
}

